C51 COMPILER V8.02   MAIN                                                                  05/26/2018 16:51:07 PAGE 1   


C51 COMPILER V8.02, COMPILATION OF MODULE MAIN
OBJECT MODULE PLACED IN ..\output\main.obj
COMPILER INVOKED BY: D:\Program Files (x86)\Keil\C51\BIN\C51.EXE main.c BROWSE INCDIR(..\Peripherals\inc\) DEBUG OBJECTE
                    -XTEND PRINT(..\lis\main.lst) OBJECT(..\output\main.obj)

line level    source

   1          #include <reg52.h>
   2          #include "usart.h"
   3          #include "iic.h"  
   4          #include "string.h"
   5          #include "stdio.h"
   6          /*
   7          硬件接法：
   8          GY-53L1---c51
   9          1、GY-53_RX---c51_TX   复位单片机，单片机发送自动输出指令（或通过上位机与模块连接设置模块自动输出）
  10          2、c51_TX---FT232,将数据串口打印输出
  11          3、GY_53L1_TX---c51_RX，接收模块数据
  12          软件说明:
  13          该程序采用串口方式获取模块数据，波特率9600
  14          
  15          注：中断函数位于stc_it.c
  16          联系方式：
  17          http://shop62474960.taobao.com/?spm=a230r.7195193.1997079397.2.9qa3Ky&v=1
  18          */
  19          void send_com(u8 function,u8 command)
  20          {
  21   1              u8 bytes[4]={0};
  22   1              bytes[0]=0xa5;
  23   1              bytes[1]=function;//功能字节
  24   1          bytes[2]=command; //值
  25   1              USART_Send(bytes,4);//发送帧头、功能字节、校验和
  26   1      }
  27           void delay(uint16_t x)
  28           {
  29   1         while(x--);
  30   1       }
  31          int main(void)
  32          {
  33   1      
  34   1          u8 sum=0,i=0,temp=0;
  35   1              u8 RangeStatus=0,Time=0,Mode=0;
  36   1              uint16_t distance=0;
  37   1              Usart_Int(9600);
  38   1              delay(10000);
  39   1              send_com(0x65,0x01);  //自动输出
  40   1              while(1)
  41   1              {          
  42   2                      if(Receive_ok)//串口接收完毕
  43   2                      {       
  44   3                              for(sum=0,i=0;i<(re_Buf_Data[3]+4);i++)//rgb_data[3]=3
  45   3                              sum+=re_Buf_Data[i];
  46   3                              if(sum==re_Buf_Data[i])//校验和判断
  47   3                              {
  48   4                                      distance=re_Buf_Data[4]<<8|re_Buf_Data[5];
  49   4                                      Mode=re_Buf_Data[6]&0x03;        
  50   4                                      Time=(re_Buf_Data[6]>>2)&0x03;     
  51   4                                      RangeStatus=(re_Buf_Data[6]>>4)&0x0f;
  52   4                              
  53   4                              
  54   4                                      //send_3out(&re_Buf_Data[4],3,0x15);//上传给上位机
C51 COMPILER V8.02   MAIN                                                                  05/26/2018 16:51:07 PAGE 2   

  55   4                                      printf("distance: %d,RangeStatus: %bd,Mode: %bd,Time: %bd\r\n",distance,RangeStatus,Mode,Time);
  56   4                              }
  57   3                              Receive_ok=0;//处理数据完毕标志
  58   3                      }       
  59   2              }
  60   1      }


MODULE INFORMATION:   STATIC OVERLAYABLE
   CODE SIZE        =    205    ----
   CONSTANT SIZE    =     56    ----
   XDATA SIZE       =   ----    ----
   PDATA SIZE       =   ----    ----
   DATA SIZE        =   ----      14
   IDATA SIZE       =   ----    ----
   BIT SIZE         =   ----    ----
END OF MODULE INFORMATION.


C51 COMPILATION COMPLETE.  0 WARNING(S),  0 ERROR(S)
