C51 COMPILER V8.02   USART                                                                 05/26/2018 15:21:26 PAGE 1   


C51 COMPILER V8.02, COMPILATION OF MODULE USART
OBJECT MODULE PLACED IN ..\output\usart.obj
COMPILER INVOKED BY: D:\Program Files (x86)\Keil\C51\BIN\C51.EXE ..\Peripherals\src\usart.c BROWSE INCDIR(..\PERIPHERALS
                    -\INC\) DEBUG OBJECTEXTEND PRINT(..\lis\usart.lst) OBJECT(..\output\usart.obj)

line level    source

   1          #include "usart.h"
   2          #include "string.h"
   3          
   4          void Usart_Int(uint32_t BaudRatePrescaler)
   5          {
   6   1               SCON  = 0x50;//1位起始位，8位数据位，1位停止位，异步，使能接收
   7   1               TMOD |= 0x20;//定时器1，工作方式2，8位自动重装计数值
   8   1              //例9600，28800/9600=3,TH1=253=FD；
   9   1           TH1   =256-(28800/BaudRatePrescaler); 
  10   1               TL1   =256-(28800/BaudRatePrescaler);
  11   1           TCON |=0x40;//启动定时器1
  12   1               IP|=0x10;//串口通讯高优先级
  13   1               IE   |=0x90;//打开串口中断，MCU总中断
  14   1      }
  15          //发送一个字节
  16          uint8_t send_ok=0,Calibration=0;
  17          /*void USART_send_byte(uint8_t Tx_data)
  18          {
  19                  while(send_ok);//等待发送缓存为空
  20                  SBUF = Tx_data;
  21                  send_ok=1;//缓存标志置1
  22          } */
  23          char putchar (char c)   
  24          {        
  25   1              while(send_ok);//等待发送缓存为空
  26   1              SBUF = c;
  27   1              send_ok=1;//缓存标志置1    
  28   1          return 0;
  29   1      }
  30          //发送Length-1个数据+1个数据累加和
  31          void USART_Send(uint8_t *Buffer, uint8_t Length)
  32          {
  33   1              uint8_t i=0;
  34   1              while(i<Length)
  35   1              {
  36   2                      if(i<(Length-1))
  37   2                      Buffer[Length-1]+=Buffer[i];
  38   2                      putchar(Buffer[i++]);
  39   2              }
  40   1      }
  41          void send_3out(uint8_t *Data,uint8_t length,uint8_t send)
  42          {
  43   1              uint8_t TX_DATA[13]={0},i=0,k=0;
  44   1              TX_DATA[i++]=0X5A;//帧头
  45   1              TX_DATA[i++]=0X5A;//帧头
  46   1              TX_DATA[i++]=send;//功能字节
  47   1              TX_DATA[i++]=length;//数据个数
  48   1              for(k=0;k<length;k++)//存入数据到缓存TX_DATA
  49   1              {
  50   2                      TX_DATA[i++]=(uint8_t)Data[k];
  51   2              }
  52   1              USART_Send(TX_DATA,length+5);   
  53   1      }
  54          //发送一帧数据
C51 COMPILER V8.02   USART                                                                 05/26/2018 15:21:26 PAGE 2   

  55          void send_out(int16_t *Data,uint8_t length,uint8_t send)
  56          {
  57   1              uint8_t TX_DATA[13],i=0,k=0;
  58   1              memset(TX_DATA,0,(2*length+5));//清空发送数据
  59   1              TX_DATA[i++]=0X5A;//帧头
  60   1              TX_DATA[i++]=0X5A;//帧头
  61   1              TX_DATA[i++]=send;//功能字节
  62   1              TX_DATA[i++]=2*length;//数据个数
  63   1              for(k=0;k<length;k++)//存入数据到缓存TX_DATA数组
  64   1              {
  65   2                      TX_DATA[i++]=(uint16_t)Data[k]>>8;
  66   2                      TX_DATA[i++]=(uint16_t)Data[k];
  67   2              }
  68   1              USART_Send(TX_DATA,(2*length+5));//发送一帧数据 
  69   1      }
  70          
  71          
  72          


MODULE INFORMATION:   STATIC OVERLAYABLE
   CODE SIZE        =    414    ----
   CONSTANT SIZE    =     13    ----
   XDATA SIZE       =   ----    ----
   PDATA SIZE       =   ----    ----
   DATA SIZE        =      2      45
   IDATA SIZE       =   ----    ----
   BIT SIZE         =   ----    ----
END OF MODULE INFORMATION.


C51 COMPILATION COMPLETE.  0 WARNING(S),  0 ERROR(S)
